<?xml version="1.0" encoding="UTF-8"?>
<!-- Generated by org.testng.reporters.JUnitReportReporter -->
<testsuite hostname="DESKTOP-TPMB85D" failures="0" tests="1" name="com.sample.test.demo.tests.DemoTest" time="10.024" errors="0" timestamp="04 Apr 2021 18:19:42 GMT" skipped="0">
  <testcase classname="com.sample.test.demo.tests.DemoTest" name="demoTest" time="10.024"/>
</testsuite> <!-- com.sample.test.demo.tests.DemoTest -->
